Arguments: 
  /home/ubuntu/.nvm/versions/node/v6.11.2/bin/node /home/ubuntu/.nvm/versions/node/v6.11.2/bin/yarn start

PATH: 
  /home/ubuntu/.nvm/versions/node/v6.11.2/bin:/usr/local/rvm/gems/ruby-2.4.0/bin:/usr/local/rvm/gems/ruby-2.4.0@global/bin:/usr/local/rvm/rubies/ruby-2.4.0/bin:/mnt/shared/bin:/home/ubuntu/workspace/node_modules/.bin:/home/ubuntu/bin:/usr/local/sbin:/usr/local/bin:/usr/sbin:/usr/bin:/sbin:/bin:/mnt/shared/sbin:/opt/gitl:/opt/go/bin:/mnt/shared/c9/app.nw/bin:/usr/local/rvm/bin

Yarn version: 
  1.3.2

Node version: 
  6.11.2

Platform: 
  linux x64

npm manifest: 
  {
    "name": "playerProfile",
    "main": "server.js",
    "dependencies": {
      "bcrypt-nodejs": "latest",
      "morgan": "~1.7.0",
      "body-parser": "~1.15.2",
      "connect-flash": "~0.1.1",
      "cookie-parser": "~1.4.3",
      "ejs": "~2.5.2",
      "express": "^4.14.1",
      "express-session": "~1.14.1",
      "method-override": "~2.3.6",
      "mongoose": "^4.13.9",
      "morgan": "^1.7.0",
      "passport": "^0.3.2",
      "passport-local": "~1.0.0"
    },
    scripts": {
      "start": "react-scripts start",
      "build": "react-scripts build",
      "test": "react-scripts test --env=jsdom",
      "eject": "react-scripts eject"
    }
  }

yarn manifest: 
  No manifest

Lockfile: 
  No lockfile

Trace: 
  SyntaxError: /home/ubuntu/workspace/Homework/PlayerProfile/package.json: Unexpected token s in JSON at position 448
      at Object.parse (native)
      at /home/ubuntu/.nvm/versions/node/v6.11.2/lib/node_modules/yarn/lib/cli.js:770:59
      at next (native)
      at step (/home/ubuntu/.nvm/versions/node/v6.11.2/lib/node_modules/yarn/lib/cli.js:92:30)
      at /home/ubuntu/.nvm/versions/node/v6.11.2/lib/node_modules/yarn/lib/cli.js:103:13
